<?xml version="1.0" encoding="UTF-8"?>
<!-- Generated by org.testng.reporters.JUnitReportReporter -->
<testsuite hostname="JOSH-RITESHR" failures="0" tests="2" name="testcases.LoginApplication" time="3.271" errors="0" timestamp="2025-06-28T00:08:58 IST" skipped="0">
  <testcase classname="testcases.LoginApplication" name="loginWithValidCreds" time="3.248"/>
  <system-out/>
  <testcase classname="testcases.LoginApplication" name="validateFooterSocialIcons" time="0.023"/>
  <system-out/>
</testsuite> <!-- testcases.LoginApplication -->
