<?xml version="1.0" encoding="UTF-8"?>
<!-- Generated by org.testng.reporters.JUnitReportReporter -->
<testsuite hostname="ue-Latitude-5420" failures="0" tests="3" name="testcases.LoginApplication" time="13.909" errors="0" timestamp="2025-07-04T21:03:58 IST" skipped="0">
  <testcase classname="testcases.LoginApplication" name="loginWithValidCreds" time="3.016"/>
  <testcase classname="testcases.LoginApplication" name="validateFooterSocialIcons" time="0.014"/>
  <testcase classname="testcases.LoginApplication" name="clickOnFooterLink" time="10.879"/>
  <system-out>
    <![CDATA[*** Chrome Browser Initiating ***
*** Chrome Browser Started ***
*** Reading Config File For QA Env Setup ***
*** Chrome Browser Closing ***
*** Chrome Browser Closed ***]]>
  </system-out>
</testsuite> <!-- testcases.LoginApplication -->
